<?xml version="1.0" encoding="UTF-8"?>
<!-- Generated by org.testng.reporters.JUnitReportReporter -->
<testsuite hostname="DESKTOP-J5TO4GP" failures="0" tests="2" name="com.selenium.test_ng.TestBeforeAndAfter" time="0.017" errors="0" timestamp="2021-06-04T20:58:30 IST" skipped="0">
  <testcase classname="com.selenium.test_ng.TestBeforeAndAfter" name="testTwo" time="0.009"/>
  <system-out/>
  <testcase classname="com.selenium.test_ng.TestBeforeAndAfter" name="testOne" time="0.008"/>
  <system-out/>
</testsuite> <!-- com.selenium.test_ng.TestBeforeAndAfter -->
